#
# There is insufficient memory for the Java Runtime Environment to continue.
# Native memory allocation (mmap) failed to map 134217728 bytes for Failed to commit area from 0x0000000081e00000 to 0x0000000089e00000 of length 134217728.
# Possible reasons:
#   The system is out of physical RAM or swap space
#   The process is running with CompressedOops enabled, and the Java Heap may be blocking the growth of the native heap
# Possible solutions:
#   Reduce memory load on the system
#   Increase physical memory or swap space
#   Check if swap backing store is full
#   Decrease Java heap size (-Xmx/-Xms)
#   Decrease number of Java threads
#   Decrease Java thread stack sizes (-Xss)
#   Set larger code cache with -XX:ReservedCodeCacheSize=
# This output file may be truncated or incomplete.
#
#  Out of Memory Error (src/hotspot/os/windows/os_windows.cpp:3627), pid=14580, tid=8368
#
# JRE version:  (11.0.15+10) (build )
# Java VM: OpenJDK 64-Bit Server VM (11.0.15+10-b2043.56, mixed mode, sharing, tiered, compressed oops, g1 gc, windows-amd64)
# No core dump will be written. Minidumps are not enabled by default on client versions of Windows
#

---------------  S U M M A R Y ------------

Command Line: git4idea.http.GitAskPassApp Username for 'https://github.com': 

Host: Intel(R) Core(TM) i5-6400 CPU @ 2.70GHz, 4 cores, 7G,  Windows 10 , 64 bit Build 19041 (10.0.19041.1889)
Time: Thu Sep 22 11:25:04 2022 Paris, Madrid (heure duild 19041 (10.0.19041.1889) elapsed time: 0.016105 seconds (0d 0h 0m 0s)

---------------  T H R E A D  ---------------

Current thread (0x0000025e329ac800):  JavaThread "Unknown thread" [_thread_in_vm, id=8368, stack(0x000000ace4800000,0x000000ace4900000)]

Stack: [0x000000ace4800000,0x000000ace4900000]
Native frames: (J=compiled Java code, j=interpreted, Vv=VM code, C=native code)
V  [jvm.dll+0x61612a]
V  [jvm.dll+0x79c450]
V  [jvm.dll+0x79da6d]
V  [jvm.dll+0x79e143]
V  [jvm.dll+0x24cc18]
V  [jvm.dll+0x613174]
V  [jvm.dll+0x607e55]
V  [jvm.dll+0x30b1cb]
V  [jvm.dll+0x30b13a]
V  [jvm.dll+0x30b012]
V  [jvm.dll+0x30ff76]
V  [jvm.dll+0x35b4c3]
V  [jvm.dll+0x35bbc6]
V  [jvm.dll+0x35b5c3]
V  [jvm.dll+0x2e5918]
V  [jvm.dll+0x2e6ab7]
V  [jvm.dll+0x7794f7]
V  [jvm.dll+0x77acec]
V  [jvm.dll+0x368a59]
V  [jvm.dll+0x75ce8e]
V  [jvm.dll+0x3d6a33]
V  [jvm.dll+0x3d9001]
C  [jli.dll+0x536b]
C  [ucrtbase.dll+0x21bb2]
C  [KERNEL32.DLL+0x17034]
C  [ntdll.dll+0x526a1]


---------------  P R O C E S S  ---------------

Threads class SMR info:
_java_thread_list=0x0000025e32871f00, length=0, elements={
}

Java Threads: ( => current thread )

Other Threads:
  0x0000025e329c7800 GCTaskThread "GC Thread#0" [stack: 0x000000ace4900000,0x000000ace4a00000] [id=8156]
  0x0000025e329f6800 ConcurrentGCThread "G1 Main Marker" [stack: 0x000000ace4a00000,0x000000ace4b00000] [id=13320]
  0x0000025e329f8000 ConcurrentGCThread "G1 Conc#0" [stack: 0x000000ace4b00000,0x000000ace4c00000] [id=6952]

[error occurred during error reporting (printing all threads), id 0xc0000005, EXCEPTION_ACCESS_VIOLATION (0xc0000005) at pc=0x00007ffd8d246017]

VM state:not at safepoint (not fully initialized)

VM Mutex/Monitor currently owned by a thread:  ([mutex/lock_event])
[0x0000025e329a8f90] Heap_lock - owner thread: 0x0000025e329ac800

Heap address: 0x0000000081e00000, size: 2018 MB, Compressed Oops mode: Non-zero based: 0x0000000081e00000
Narrow klass base: 0x0000000000000000, Narrow klass shift: 0

GC Heap History (0 events):
No events

Deoptimization events (0 events):
No events

Classes redefined (0 events):
No events

Internal exceptions (0 events):
No events

Events (1 events):
Event: 0.010 Loaded shared library C:\Program Files (x86)\JetBrains\IntelliJ IDEA Community Edition 2022.1.2\jbr\bin\zip.dll


Dynamic libraries:
0x00007ff733380000 - 0x00007ff73338a000 	C:\Program Files (x86)\JetBrains\IntelliJ IDEA Community Edition 2022.1.2\jbr\bin\java.exe
0x00007ffe047b0000 - 0x00007ffe049a8000 	C:\windows\SYSTEM32\ntdll.dll
0x00007ffe04580000 - 0x00007ffe0463d000 	C:\windows\System32\KERNEL32.DLL
0x00007ffe02430000 - 0x00007ffe026fe000 	C:\windows\System32\KERNELBASE.dll
0x00007ffe01ed0000 - 0x00007ffe01fd0000 	C:\windows\System32\ucrtbase.dll
0x00007ffde2720000 - 0x00007ffde2736000 	C:\Program Files (x86)\JetBrains\IntelliJ IDEA Community Edition 2022.1.2\jbr\bin\VCRUNTIME140.dll
0x00007ffde2100000 - 0x00007ffde2119000 	C:\Program Files (x86)\JetBrains\IntelliJ IDEA Community Edition 2022.1.2\jbr\bin\jli.dll
0x00007ffe02ad0000 - 0x00007ffe02c70000 	C:\windows\System32\USER32.dll
0x00007ffe020c0000 - 0x00007ffe020e2000 	C:\windows\System32\win32u.dll
0x00007ffde4a30000 - 0x00007ffde4cca000 	C:\windows\WinSxS\amd64_microsoft.windows.common-controls_6595b64144ccf1df_6.0.19041.1110_none_60b5254171f9507e\COMCTL32.dll
0x00007ffe03460000 - 0x00007ffe0348a000 	C:\windows\System32\GDI32.dll
0x00007ffe03f10000 - 0x00007ffe03fae000 	C:\windows\System32\msvcrt.dll
0x00007ffe02700000 - 0x00007ffe0280b000 	C:\windows\System32\gdi32full.dll
0x00007ffe02020000 - 0x00007ffe020bd000 	C:\windows\System32\msvcp_win.dll
0x00007ffe02870000 - 0x00007ffe028a0000 	C:\windows\System32\IMM32.DLL
0x00007ffde0960000 - 0x00007ffde0a0a000 	C:\Program Files (x86)\JetBrains\IntelliJ IDEA Community Edition 2022.1.2\jbr\bin\msvcp140.dll
0x00007ffd8cf50000 - 0x00007ffd8dacb000 	C:\Program Files (x86)\JetBrains\IntelliJ IDEA Community Edition 2022.1.2\jbr\bin\server\jvm.dll
0x00007ffe03490000 - 0x00007ffe0353e000 	C:\windows\System32\ADVAPI32.dll
0x00007ffe03720000 - 0x00007ffe037bc000 	C:\windows\System32\sechost.dll
0x00007ffe040d0000 - 0x00007ffe041f5000 	C:\windows\System32\RPCRT4.dll
0x00007ffe03620000 - 0x00007ffe03628000 	C:\windows\System32\PSAPI.DLL
0x00007ffde45e0000 - 0x00007ffde4607000 	C:\windows\SYSTEM32\WINMM.dll
0x00007ffdf2090000 - 0x00007ffdf209a000 	C:\windows\SYSTEM32\VERSION.dll
0x00007ffdfef80000 - 0x00007ffdfef89000 	C:\windows\SYSTEM32\WSOCK32.dll
0x00007ffe04440000 - 0x00007ffe044ab000 	C:\windows\System32\WS2_32.dll
0x00007ffdffda0000 - 0x00007ffdffdb2000 	C:\windows\SYSTEM32\kernel.appcore.dll
0x00007ffdff6b0000 - 0x00007ffdff6c1000 	C:\Program Files (x86)\JetBrains\IntelliJ IDEA Community Edition 2022.1.2\jbr\bin\verify.dll
0x00007ffdec0e0000 - 0x00007ffdec2c4000 	C:\windows\SYSTEM32\DBGHELP.DLL
0x00007ffdebf10000 - 0x00007ffdebf3c000 	C:\windows\SYSTEM32\dbgcore.DLL
0x00007ffe023a0000 - 0x00007ffe02422000 	C:\windows\System32\bcryptPrimitives.dll
0x00007ffdff140000 - 0x00007ffdff169000 	C:\Program Files (x86)\JetBrains\IntelliJ IDEA Community Edition 2022.1.2\jbr\bin\java.dll
0x00007ffdff6a0000 - 0x00007ffdff6ab000 	C:\Program Files (x86)\JetBrains\IntelliJ IDEA Community Edition 2022.1.2\jbr\bin\jimage.dll
0x00007ffdf90c0000 - 0x00007ffdf90d9000 	C:\Program Files (x86)\JetBrains\IntelliJ IDEA Community Edition 2022.1.2\jbr\bin\zip.dll

dbghelp: loaded successfully - version: 4.0.5 - missing functions: none
symbol engine: initialized successfully - sym options: 0x614 - pdb path: .;C:\Program Files (x86)\JetBrains\IntelliJ IDEA Community Edition 2022.1.2\jbr\bin;C:\windows\SYSTEM32;C:\windows\WinSxS\amd64_microsoft.windows.common-controls_6595b64144ccf1df_6.0.19041.1110_none_60b5254171f9507e;C:\Program Files (x86)\JetBrains\IntelliJ IDEA Community Edition 2022.1.2\jbr\bin\server

VM Arguments:
java_command: git4idea.http.GitAskPassApp Username for 'https://github.com': 
java_class_path (initial): C:/Program Files (x86)/JetBrains/IntelliJ IDEA Community Edition 2022.1.2/plugins/git4idea/lib/git4idea-rt.jar;C:/Program Files (x86)/JetBrains/IntelliJ IDEA Community Edition 2022.1.2/lib/externalProcess-rt.jar;C:/Program Files (x86)/JetBrains/IntelliJ IDEA Community Edition 2022.1.2/lib/app.jar;C:/Program Files (x86)/JetBrains/IntelliJ IDEA Community Edition 2022.1.2/lib/3rd-party-rt.jar
Launcher Type: SUN_STANDARD

[Global flags]
     intx CICompilerCount                          = 3                                         {product} {ergonomic}
     uint ConcGCThreads                            = 1                                         {product} {ergonomic}
     uint G1ConcRefinementThreads                  = 4                                         {product} {ergonomic}
   size_t G1HeapRegionSize                         = 1048576                                   {product} {ergonomic}
    uintx GCDrainStackTargetSize                   = 64                                        {product} {ergonomic}
   size_t InitialHeapSize                          = 134217728                                 {product} {ergonomic}
   size_t MarkStackSize                            = 4194304                                   {product} {ergonomic}
   size_t MaxHeapSize                              = 2116026368                                {product} {ergonomic}
   size_t MinHeapDeltaBytes                        = 1048576                                   {product} {ergonomic}
    uintx NonNMethodCodeHeapSize                   = 5830732                                {pd product} {ergonomic}
    uintx NonProfiledCodeHeapSize                  = 122913754                              {pd product} {ergonomic}
    uintx ProfiledCodeHeapSize                     = 122913754                              {pd product} {ergonomic}
    uintx ReservedCodeCacheSize                    = 251658240                              {pd product} {ergonomic}
     bool SegmentedCodeCache                       = true                                      {product} {ergonomic}
     bool UseCompressedClassPointers               = true                                 {lp64_product} {ergonomic}
     bool UseCompressedOops                        = true                                 {lp64_product} {ergonomic}
     bool UseG1GC                                  = true                                      {product} {ergonomic}
     bool UseLargePagesIndividualAllocation        = false                                  {pd product} {ergonomic}

Logging:
Log output configuration:
 #0: stdout all=warning uptime,level,tags
 #1: stderr all=off uptime,level,tags

Environment Variables:
PATH=C:\Program Files\Git\mingw64\libexec\git-core;C:\Program Files\Git\mingw64\libexec\git-core;C:\Program Files\Git\mingw64\bin;C:\Program Files\Git\usr\bin;H:\bin;C:\Program Files\Common Files\Oracle\Java\javapath;C:\Program Files (x86)\Common Files\Oracle\Java\javapath;C:\windows\system32;C:\windows;C:\windows\System32\Wbem;C:\windows\System32\WindowsPowerShell\v1.0;C:\windows\System32\OpenSSH;C:\Program Files\Docker\Docker\resources\bin;C:\Program Files\Git\cmd;C:\Program Files\dotnet;C:\Program Files\Azure Data Studio\bin;C:\Program Files\nodejs;C:\Program Files\MiKTeX\miktex\bin\x64;C:\Program Files\PuTTY;C:\Program Files\TortoiseGit\bin;C:\Program Files\Microsoft VS Code\bin;C:\Program Files\Microsoft SQL Server\150\Tools\Binn;C:\Program Files\Microsoft SQL Server\Client SDK\ODBC\170\Tools\Binn;C:\Users\0502otheath\AppData\Local\Microsoft\WindowsApps;C:\ghcup\bin;C:\Program Files\Azure Data Studio\bin;C:\Users\nouveau\AppData\Roaming\npm;C:\Users\0502otheath\.dotnet\tools
USERNAME=0502otheath
DISPLAY=:0.0
LC_ALL=en_US.UTF-8
OS=Windows_NT
PROCESSOR_IDENTIFIER=Intel64 Family 6 Model 94 Stepping 3, GenuineIntel



---------------  S Y S T E M  ---------------

OS: Windows 10 , 64 bit Build 19041 (10.0.19041.1889)
OS uptime: 0 days 2:52 hours
Hyper-V role detected

CPU:total 4 (initial active 4) (4 cores per cpu, 1 threads per core) family 6 model 94 stepping 3 microcode 0xcc, cmov, cx8, fxsr, mmx, sse, sse2, sse3, ssse3, sse4.1, sse4.2, popcnt, avx, avx2, aes, clmul, erms, 3dnowpref, lzcnt, tsc, tscinvbit, bmi1, bmi2, adx, fma

Memory: 4k page, system-wide physical 8066M (1212M free)
TotalPageFile size 10094M (AvailPageFile size 100M)
current process WorkingSet (physical memory assigned to process): 10M, peak: 10M
current process commit charge ("private bytes"): 51M, peak: 179M

vm_info: OpenJDK 64-Bit Server VM (11.0.15+10-b2043.56) for windows-amd64 JRE (11.0.15+10-b2043.56), built on May 16 2022 02:28:12 by "" with MS VC++ 14.0 (VS2015)

END.
